

<!DOCTYPE html>
<html>
<head>
<meta charset="UTF-8">
<meta name="viewport" content="width=device-width, initial-scale=1, shrink-to-fit=no">
<title></title>
<link rel="apple-touch-icon" href="https://cdn.jsdelivr.net/gh/extent-framework/extent-github-cdn@b00a2d0486596e73dd7326beacf352c639623a0e/commons/img/logo.png">
<link rel="shortcut icon" href="https://cdn.jsdelivr.net/gh/extent-framework/extent-github-cdn@b00a2d0486596e73dd7326beacf352c639623a0e/commons/img/logo.png">
<link href="https://cdn.jsdelivr.net/gh/extent-framework/extent-github-cdn@ce8b10435bcbae260c334c0d0c6b61d2c19b6168/spark/css/spark-style.css" rel="stylesheet" />
<link href="https://stackpath.bootstrapcdn.com/font-awesome/4.7.0/css/font-awesome.min.css" rel="stylesheet">
<script src="https://cdn.jsdelivr.net/gh/extent-framework/extent-github-cdn@7cc78ce/spark/js/jsontree.js"></script>
<style type="text/css"></style></head><body class="spa bdd-report standard">
  <div class="app">
    <div class="layout">
<div class="header navbar">
<div class="vheader">
<div class="nav-logo">
<a href="#">
<div class="logo" style="background-image: url('https://cdn.jsdelivr.net/gh/extent-framework/extent-github-cdn@b00a2d0486596e73dd7326beacf352c639623a0e/commons/img/logo.png')"></div>
</a>
</div>
<ul class="nav-left">
<li class="search-box">
<a class="search-toggle" href="#">
<i class="search-icon fa fa-search"></i>
<i class="search-icon-close fa fa-close"></i>
</a>
</li>
<li class="search-input"><input id="search-tests" class="form-control" type="text" placeholder="Search..."></li>
</ul>
<ul class="nav-right">
<li class="m-r-10">
<a href="#"><span class="badge badge-primary"></span></a>
</li>
<li class="m-r-10">
<a href="#"><span class="badge badge-primary">Sept 10, 2025 03:37:53 am</span></a>
</li>
</ul>
</div>
</div><div class="side-nav">
<div class="side-nav-inner">
<ul class="side-nav-menu">
<li class="nav-item dropdown" onclick="toggleView('test-view')">
<a id="nav-test" class="dropdown-toggle" href="#">
<span class="ico"><i class="fa fa-list"></i></span>
</a>
</li>
<li class="nav-item dropdown" onclick="toggleView('exception-view')">
<a id="nav-exception" class="dropdown-toggle" href="#">
<span class="ico"><i class="fa fa-bug"></i></span>
</a>
</li>
<li class="nav-item dropdown" onclick="toggleView('dashboard-view')">
<a id="nav-dashboard" class="dropdown-toggle" href="#">
<span class="ico"><i class="fa fa-bar-chart"></i></span>
</a>
</li>
</ul>
</div>
</div>      <div class="vcontainer">
        <div class="main-content">
<div class="test-wrapper row view test-view">
  <div class="test-list">
    <div class="test-list-tools">
<ul class="tools pull-left">
<li><a href="#"><span class="font-size-14">Tests</span></a></li>
</ul>
<ul class="tools text-right">
<li class="dropdown">
<a href="#" class="dropdown-toggle" data-toggle="dropdown"><i class="fa fa-exclamation-circle"></i></a>
<ul id="status-toggle" class="dropdown-menu dropdown-md p-v-0">
<a class="dropdown-item" status="pass" href="#"><span>Pass</span><span class="status success"></span></a>
<a class="dropdown-item" status="fail" href="#"><span>Fail</span><span class="status danger"></span></a>
<div class="dropdown-divider"></div>
<a status="clear" class="dropdown-item" href="#"><span>Clear</span><span class="pull-right"><i class="fa fa-close"></i></span></a>
</ul>
</li>
</ul>
</div>    <div class="test-list-wrapper scrollable">
      <ul class="test-list-item">
        <li class="test-item"  status="fail" test-id="1"
          author=""
          tag=""
          device="">
          <div class="test-detail">
            <p class="name">Product Details and Add to Cart</p>
            <p class="text-sm">
              <span>3:37:54 am</span> / <span>00:00:19:646</span>
              <span class="badge fail-bg log float-right">Fail</span>
            </p>
          </div>
          <div class="test-contents d-none">
<div class="detail-head">
<div class="p-v-10">
<div class="info">
<h5 class="test-status text-fail">Product Details and Add to Cart</h5>
<span class='badge badge-success'>09.10.2025 3:37:54 am</span>
<span class='badge badge-danger'>09.10.2025 3:38:13 am</span>
<span class='badge badge-default'>00:00:19:646</span>
&middot; <span class='uri-anchor badge badge-default'>#test-id=1</span>
<span title='Skip to the next failed step' class='badge badge-danger pointer float-right ne ml-1'><i class="fa fa-fast-forward"></i></span>
<span title='Collapse all nodes' class='badge badge-default pointer float-right ct ml-1'><i class="fa fa-compress"></i></span>
<span title='Expand all nodes' class='badge badge-default pointer float-right et'><i class="fa fa-expand"></i></span>
</div>
<div class="m-t-10 m-l-5"></div>
</div>
</div>
<div class="accordion mt-4">
  <div class="card">
    <div class="card-header" role="tab">
      <div class="card-title">
        <div class="node" id="2"><span class="badge log pass-bg mr-2">Pass</span>Verify Product Description Without Login</div>
      </div>
    </div>
        <div class="collapse">
          <div class="card-body">
              <div class="step pass-bg" title="stepdefinitions.UserRegistrationSteps.i_am_on_the_home_page()">
                <span>Given I am on the home page</span>
      <div>
      </div>
              </div>
              <div class="step pass-bg" title="stepdefinitions.ProductSteps.searching_product(java.lang.String)">
                <span>When I search Product "HP LP3065"</span>
      <div>
      </div>
              </div>
              <div class="step pass-bg" title="stepdefinitions.ProductSteps.click_on_product_link()">
                <span>And Click On The Product Link</span>
      <div>
      </div>
              </div>
              <div class="step pass-bg" title="stepdefinitions.UserRegistrationSteps.verifyTextOnPage(java.lang.String)">
                <span>Then I should see text "Description"</span>
      <div>
      </div>
              </div>
          </div>
        </div>
  </div>
  <div class="card">
    <div class="card-header" role="tab">
      <div class="card-title">
        <div class="node" id="13"><span class="badge log pass-bg mr-2">Pass</span>Add To Cart Test Without Login</div>
      </div>
    </div>
        <div class="collapse">
          <div class="card-body">
              <div class="step pass-bg" title="stepdefinitions.UserRegistrationSteps.i_am_on_the_home_page()">
                <span>Given I am on the home page</span>
      <div>
      </div>
              </div>
              <div class="step pass-bg" title="stepdefinitions.ProductSteps.searching_product(java.lang.String)">
                <span>When I search Product "HP LP3065"</span>
      <div>
      </div>
              </div>
              <div class="step pass-bg" title="stepdefinitions.ProductSteps.click_on_product_link()">
                <span>And Click On The Product Link</span>
      <div>
      </div>
              </div>
              <div class="step pass-bg" title="stepdefinitions.ProductSteps.add_to_cart()">
                <span>When I Click on Add to Cart</span>
      <div>
      </div>
              </div>
              <div class="step pass-bg" title="stepdefinitions.UserRegistrationSteps.verifyTextOnPage(java.lang.String)">
                <span>Then I should see text "Success: You have added "</span>
      <div>
      </div>
              </div>
          </div>
        </div>
  </div>
  <div class="card">
    <div class="card-header" role="tab">
      <div class="card-title">
        <div class="node" id="25"><span class="badge log fail-bg mr-2">Fail</span>Multiple Products Add Test  Without Login</div>
      </div>
    </div>
        <div class="">
          <div class="card-body">
              <div class="step pass-bg" title="stepdefinitions.UserRegistrationSteps.i_am_on_the_home_page()">
                <span>Given I am on the home page</span>
      <div>
      </div>
              </div>
              <div class="step pass-bg" title="stepdefinitions.ProductSteps.searching_product(java.lang.String)">
                <span>When I search Product "HP LP3065"</span>
      <div>
      </div>
              </div>
              <div class="step pass-bg" title="stepdefinitions.ProductSteps.click_on_product_link()">
                <span>And Click On The Product Link</span>
      <div>
      </div>
              </div>
              <div class="step pass-bg" title="stepdefinitions.ProductSteps.add_to_cart()">
                <span>When I Click on Add to Cart</span>
      <div>
      </div>
              </div>
              <div class="step pass-bg" title="stepdefinitions.ProductSteps.search_another_product(java.lang.String)">
                <span>And I search another Product "iPhone"</span>
      <div>
      </div>
              </div>
              <div class="step pass-bg" title="stepdefinitions.ProductSteps.add_to_cart1()">
                <span>When I Click on Add to Cart1</span>
      <div>
      </div>
              </div>
              <div class="step fail-bg" title="stepdefinitions.ProductSteps.checkoutcart()">
                <span>And I Click On Checkout</span>
      <div>
        <textarea disabled class="code-block">org.openqa.selenium.ElementClickInterceptedException: element click intercepted: Element <i class="fa fa-share"></i> is not clickable at point (1129, 7). Other element would receive the click: <div id="top-links" class="nav pull-right">...</div>
  (Session info: chrome=139.0.7258.157)
Build info: version: '4.33.0', revision: '2c6aaad03a'
System info: os.name: 'Windows 11', os.arch: 'amd64', os.version: '10.0', java.version: '24.0.2'
Driver info: org.openqa.selenium.chrome.ChromeDriver
Command: [88dcc9bb5a21fd3d2a6acc3a9039e253, clickElement {id=f.0F266A5023A7A36658BB3D101CAF8CB4.d.61C76462EFAAE65F4D40CC464CB357C9.e.2152}]
Capabilities {acceptInsecureCerts: false, browserName: chrome, browserVersion: 139.0.7258.157, chrome: {chromedriverVersion: 139.0.7258.154 (9e0d6b2b47f..., userDataDir: C:\Users\panda\AppData\Loca...}, fedcm:accounts: true, goog:chromeOptions: {debuggerAddress: localhost:12972}, networkConnectionEnabled: false, pageLoadStrategy: normal, platformName: windows, proxy: Proxy(), se:cdp: ws://localhost:12972/devtoo..., se:cdpVersion: 139.0.7258.157, setWindowRect: true, strictFileInteractability: false, timeouts: {implicit: 0, pageLoad: 300000, script: 30000}, unhandledPromptBehavior: dismiss and notify, webauthn:extension:credBlob: true, webauthn:extension:largeBlob: true, webauthn:extension:minPinLength: true, webauthn:extension:prf: true, webauthn:virtualAuthenticators: true}
Element: [[ChromeDriver: chrome on windows (88dcc9bb5a21fd3d2a6acc3a9039e253)] -> xpath: //a[@title='Checkout']//i[@class='fa fa-share']]
Session ID: 88dcc9bb5a21fd3d2a6acc3a9039e253
	at java.base/jdk.internal.reflect.DirectConstructorHandleAccessor.newInstance(DirectConstructorHandleAccessor.java:62)
	at java.base/java.lang.reflect.Constructor.newInstanceWithCaller(Constructor.java:499)
	at java.base/java.lang.reflect.Constructor.newInstance(Constructor.java:483)
	at org.openqa.selenium.remote.ErrorCodec.decode(ErrorCodec.java:167)
	at org.openqa.selenium.remote.codec.w3c.W3CHttpResponseCodec.decode(W3CHttpResponseCodec.java:138)
	at org.openqa.selenium.remote.codec.w3c.W3CHttpResponseCodec.decode(W3CHttpResponseCodec.java:50)
	at org.openqa.selenium.remote.HttpCommandExecutor.execute(HttpCommandExecutor.java:215)
	at org.openqa.selenium.remote.service.DriverCommandExecutor.invokeExecute(DriverCommandExecutor.java:216)
	at org.openqa.selenium.remote.service.DriverCommandExecutor.execute(DriverCommandExecutor.java:174)
	at org.openqa.selenium.remote.RemoteWebDriver.execute(RemoteWebDriver.java:544)
	at org.openqa.selenium.remote.RemoteWebElement.execute(RemoteWebElement.java:223)
	at org.openqa.selenium.remote.RemoteWebElement.click(RemoteWebElement.java:76)
	at java.base/jdk.internal.reflect.DirectMethodHandleAccessor.invoke(DirectMethodHandleAccessor.java:104)
	at java.base/java.lang.reflect.Method.invoke(Method.java:565)
	at org.openqa.selenium.support.pagefactory.internal.LocatingElementHandler.invoke(LocatingElementHandler.java:51)
	at jdk.proxy2/jdk.proxy2.$Proxy27.click(Unknown Source)
	at utils.CommonEvents.clickElement(CommonEvents.java:28)
	at pages.AddtoCart.checkout(AddtoCart.java:54)
	at stepdefinitions.ProductSteps.checkoutcart(ProductSteps.java:62)
	at ✽.I Click On Checkout(file:///C:/Users/panda/eclipse-workspace/OpenCartTesting/src/test/resources/features/AddToCart.feature:18)
</textarea>
      
      </div>
              </div>
              <div class="step skip-bg" title="stepdefinitions.UserRegistrationSteps.verifymultiplelink(io.cucumber.datatable.DataTable)">
                <span>Then I should see the link of:</span>
      <div><table class='markup-table table '><tr><td>HP LP3065</td></tr><tr><td>iPhone</td></tr></table>
      </div>
      <div>Step skipped
      </div>
              </div>
          </div>
        </div>
  </div>
</div>
          </div>
        </li>
        <li class="test-item"  status="fail" test-id="40"
          author=""
          tag=""
          device="">
          <div class="test-detail">
            <p class="name">Checkout Process</p>
            <p class="text-sm">
              <span>3:38:13 am</span> / <span>00:00:44:076</span>
              <span class="badge fail-bg log float-right">Fail</span>
            </p>
          </div>
          <div class="test-contents d-none">
<div class="detail-head">
<div class="p-v-10">
<div class="info">
<h5 class="test-status text-fail">Checkout Process</h5>
<span class='badge badge-success'>09.10.2025 3:38:13 am</span>
<span class='badge badge-danger'>09.10.2025 3:38:58 am</span>
<span class='badge badge-default'>00:00:44:076</span>
&middot; <span class='uri-anchor badge badge-default'>#test-id=40</span>
<span title='Skip to the next failed step' class='badge badge-danger pointer float-right ne ml-1'><i class="fa fa-fast-forward"></i></span>
<span title='Collapse all nodes' class='badge badge-default pointer float-right ct ml-1'><i class="fa fa-compress"></i></span>
<span title='Expand all nodes' class='badge badge-default pointer float-right et'><i class="fa fa-expand"></i></span>
</div>
<div class="m-t-10 m-l-5"></div>
</div>
</div>
<div class="accordion mt-4">
  <div class="card">
    <div class="card-header" role="tab">
      <div class="card-title">
        <div class="node" id="41"><span class="badge log fail-bg mr-2">Fail</span>Navigate to Checkout Page</div>
      </div>
    </div>
        <div class="">
          <div class="card-body">
              <div class="step pass-bg" title="stepdefinitions.UserRegistrationSteps.i_am_on_the_home_page()">
                <span>Given I am on the home page</span>
      <div>
      </div>
              </div>
              <div class="step pass-bg" title="stepdefinitions.ProductSteps.searching_product(java.lang.String)">
                <span>When I search Product "HP LP3065"</span>
      <div>
      </div>
              </div>
              <div class="step pass-bg" title="stepdefinitions.ProductSteps.click_on_product_link()">
                <span>And Click On The Product Link</span>
      <div>
      </div>
              </div>
              <div class="step pass-bg" title="stepdefinitions.ProductSteps.add_to_cart()">
                <span>When I Click on Add to Cart</span>
      <div>
      </div>
              </div>
              <div class="step pass-bg" title="stepdefinitions.ProductSteps.checkoutcart()">
                <span>And I Click On Checkout</span>
      <div>
      </div>
              </div>
              <div class="step fail-bg" title="stepdefinitions.CheckoutTest.verifyCheckoutNavigation()">
                <span>Then I am Navigate to Checkout Page</span>
      <div>
        <textarea disabled class="code-block">org.openqa.selenium.TimeoutException: Expected condition failed: waiting for element to be clickable: Proxy element for: DefaultElementLocator 'By.xpath: //input[@value='guest']' (tried for 5 second(s) with 500 milliseconds interval)
	at org.openqa.selenium.support.ui.WebDriverWait.timeoutException(WebDriverWait.java:84)
	at org.openqa.selenium.support.ui.FluentWait.until(FluentWait.java:228)
	at utils.CommonEvents.waitForElement(CommonEvents.java:77)
	at utils.CommonEvents.clickElement(CommonEvents.java:27)
	at pages.CheckoutPage.selectGuestCheckout(CheckoutPage.java:110)
	at stepdefinitions.CheckoutTest.verifyCheckoutNavigation(CheckoutTest.java:30)
	at ✽.I am Navigate to Checkout Page(file:///C:/Users/panda/eclipse-workspace/OpenCartTesting/src/test/resources/features/Checkout.feature:11)
Caused by: org.openqa.selenium.NoSuchElementException: no such element: Unable to locate element: {"method":"xpath","selector":"//input[@value='guest']"}
  (Session info: chrome=139.0.7258.157)
For documentation on this error, please visit: https://www.selenium.dev/documentation/webdriver/troubleshooting/errors#no-such-element-exception
Build info: version: '4.33.0', revision: '2c6aaad03a'
System info: os.name: 'Windows 11', os.arch: 'amd64', os.version: '10.0', java.version: '24.0.2'
Driver info: org.openqa.selenium.chrome.ChromeDriver
Command: [e0b22393b79a792e2f21c7208549ac18, findElement {using=xpath, value=//input[@value='guest']}]
Capabilities {acceptInsecureCerts: false, browserName: chrome, browserVersion: 139.0.7258.157, chrome: {chromedriverVersion: 139.0.7258.154 (9e0d6b2b47f..., userDataDir: C:\Users\panda\AppData\Loca...}, fedcm:accounts: true, goog:chromeOptions: {debuggerAddress: localhost:21206}, networkConnectionEnabled: false, pageLoadStrategy: normal, platformName: windows, proxy: Proxy(), se:cdp: ws://localhost:21206/devtoo..., se:cdpVersion: 139.0.7258.157, setWindowRect: true, strictFileInteractability: false, timeouts: {implicit: 0, pageLoad: 300000, script: 30000}, unhandledPromptBehavior: dismiss and notify, webauthn:extension:credBlob: true, webauthn:extension:largeBlob: true, webauthn:extension:minPinLength: true, webauthn:extension:prf: true, webauthn:virtualAuthenticators: true}
Session ID: e0b22393b79a792e2f21c7208549ac18
	at java.base/jdk.internal.reflect.DirectConstructorHandleAccessor.newInstance(DirectConstructorHandleAccessor.java:62)
	at java.base/java.lang.reflect.Constructor.newInstanceWithCaller(Constructor.java:499)
	at java.base/java.lang.reflect.Constructor.newInstance(Constructor.java:483)
	at org.openqa.selenium.remote.ErrorCodec.decode(ErrorCodec.java:167)
	at org.openqa.selenium.remote.codec.w3c.W3CHttpResponseCodec.decode(W3CHttpResponseCodec.java:138)
	at org.openqa.selenium.remote.codec.w3c.W3CHttpResponseCodec.decode(W3CHttpResponseCodec.java:50)
	at org.openqa.selenium.remote.HttpCommandExecutor.execute(HttpCommandExecutor.java:215)
	at org.openqa.selenium.remote.service.DriverCommandExecutor.invokeExecute(DriverCommandExecutor.java:216)
	at org.openqa.selenium.remote.service.DriverCommandExecutor.execute(DriverCommandExecutor.java:174)
	at org.openqa.selenium.remote.RemoteWebDriver.execute(RemoteWebDriver.java:544)
	at org.openqa.selenium.remote.ElementLocation$ElementFinder$2.findElement(ElementLocation.java:165)
	at org.openqa.selenium.remote.ElementLocation.findElement(ElementLocation.java:59)
	at org.openqa.selenium.remote.RemoteWebDriver.findElement(RemoteWebDriver.java:367)
	at org.openqa.selenium.remote.RemoteWebDriver.findElement(RemoteWebDriver.java:361)
	at org.openqa.selenium.support.pagefactory.DefaultElementLocator.findElement(DefaultElementLocator.java:68)
	at org.openqa.selenium.support.pagefactory.internal.LocatingElementHandler.invoke(LocatingElementHandler.java:38)
	at jdk.proxy2/jdk.proxy2.$Proxy27.isDisplayed(Unknown Source)
	at org.openqa.selenium.support.ui.ExpectedConditions.elementIfVisible(ExpectedConditions.java:304)
	at org.openqa.selenium.support.ui.ExpectedConditions$10.apply(ExpectedConditions.java:290)
	at org.openqa.selenium.support.ui.ExpectedConditions$10.apply(ExpectedConditions.java:287)
	at org.openqa.selenium.support.ui.ExpectedConditions$23.apply(ExpectedConditions.java:656)
	at org.openqa.selenium.support.ui.ExpectedConditions$23.apply(ExpectedConditions.java:652)
	at org.openqa.selenium.support.ui.FluentWait.until(FluentWait.java:203)
	... 5 more
</textarea>
      
      </div>
              </div>
          </div>
        </div>
  </div>
  <div class="card">
    <div class="card-header" role="tab">
      <div class="card-title">
        <div class="node" id="54"><span class="badge log pass-bg mr-2">Pass</span>Fill Billing Details</div>
      </div>
    </div>
        <div class="collapse">
          <div class="card-body">
              <div class="step pass-bg" title="stepdefinitions.UserRegistrationSteps.i_am_on_the_home_page()">
                <span>Given I am on the home page</span>
      <div>
      </div>
              </div>
              <div class="step pass-bg" title="stepdefinitions.ProductSteps.searching_product(java.lang.String)">
                <span>When I search Product "HP LP3065"</span>
      <div>
      </div>
              </div>
              <div class="step pass-bg" title="stepdefinitions.ProductSteps.click_on_product_link()">
                <span>And Click On The Product Link</span>
      <div>
      </div>
              </div>
              <div class="step pass-bg" title="stepdefinitions.ProductSteps.add_to_cart()">
                <span>When I Click on Add to Cart</span>
      <div>
      </div>
              </div>
              <div class="step pass-bg" title="stepdefinitions.ProductSteps.checkoutcart()">
                <span>And I Click On Checkout</span>
      <div>
      </div>
              </div>
              <div class="step pass-bg" title="stepdefinitions.CheckoutTest.verifyCheckoutNavigation()">
                <span>Then I am Navigate to Checkout Page</span>
      <div>
      </div>
              </div>
              <div class="step pass-bg" title="stepdefinitions.CheckoutTest.verifyBillingDetails()">
                <span>And I Fill the Billing Details</span>
      <div>
      </div>
              </div>
              <div class="step pass-bg" title="stepdefinitions.UserRegistrationSteps.verifyTextOnPage(java.lang.String)">
                <span>Then I should see text "Please select the preferred shipping method to use on this order"</span>
      <div>
      </div>
              </div>
          </div>
        </div>
  </div>
  <div class="card">
    <div class="card-header" role="tab">
      <div class="card-title">
        <div class="node" id="69"><span class="badge log pass-bg mr-2">Pass</span>Select Payment Method</div>
      </div>
    </div>
        <div class="collapse">
          <div class="card-body">
              <div class="step pass-bg" title="stepdefinitions.UserRegistrationSteps.i_am_on_the_home_page()">
                <span>Given I am on the home page</span>
      <div>
      </div>
              </div>
              <div class="step pass-bg" title="stepdefinitions.ProductSteps.searching_product(java.lang.String)">
                <span>When I search Product "HP LP3065"</span>
      <div>
      </div>
              </div>
              <div class="step pass-bg" title="stepdefinitions.ProductSteps.click_on_product_link()">
                <span>And Click On The Product Link</span>
      <div>
      </div>
              </div>
              <div class="step pass-bg" title="stepdefinitions.ProductSteps.add_to_cart()">
                <span>When I Click on Add to Cart</span>
      <div>
      </div>
              </div>
              <div class="step pass-bg" title="stepdefinitions.ProductSteps.checkoutcart()">
                <span>And I Click On Checkout</span>
      <div>
      </div>
              </div>
              <div class="step pass-bg" title="stepdefinitions.CheckoutTest.verifyCheckoutNavigation()">
                <span>Then I am Navigate to Checkout Page</span>
      <div>
      </div>
              </div>
              <div class="step pass-bg" title="stepdefinitions.CheckoutTest.verifyBillingDetails()">
                <span>And I Fill the Billing Details</span>
      <div>
      </div>
              </div>
              <div class="step pass-bg" title="stepdefinitions.UserRegistrationSteps.verifyTextOnPage(java.lang.String)">
                <span>Then I should see text "Please select the preferred shipping method to use on this order"</span>
      <div>
      </div>
              </div>
              <div class="step pass-bg" title="stepdefinitions.CheckoutTest.verifyPaymentMethodSelection()">
                <span>And I Select the payment method</span>
      <div>
      </div>
              </div>
          </div>
        </div>
  </div>
  <div class="card">
    <div class="card-header" role="tab">
      <div class="card-title">
        <div class="node" id="85"><span class="badge log fail-bg mr-2">Fail</span>Place Order</div>
      </div>
    </div>
        <div class="">
          <div class="card-body">
              <div class="step pass-bg" title="stepdefinitions.UserRegistrationSteps.i_am_on_the_home_page()">
                <span>Given I am on the home page</span>
      <div>
      </div>
              </div>
              <div class="step pass-bg" title="stepdefinitions.ProductSteps.searching_product(java.lang.String)">
                <span>When I search Product "HP LP3065"</span>
      <div>
      </div>
              </div>
              <div class="step pass-bg" title="stepdefinitions.ProductSteps.click_on_product_link()">
                <span>And Click On The Product Link</span>
      <div>
      </div>
              </div>
              <div class="step pass-bg" title="stepdefinitions.ProductSteps.add_to_cart()">
                <span>When I Click on Add to Cart</span>
      <div>
      </div>
              </div>
              <div class="step pass-bg" title="stepdefinitions.ProductSteps.checkoutcart()">
                <span>And I Click On Checkout</span>
      <div>
      </div>
              </div>
              <div class="step fail-bg" title="stepdefinitions.CheckoutTest.verifyCheckoutNavigation()">
                <span>Then I am Navigate to Checkout Page</span>
      <div>
        <textarea disabled class="code-block">org.openqa.selenium.TimeoutException: Expected condition failed: waiting for element to be clickable: Proxy element for: DefaultElementLocator 'By.xpath: //input[@value='guest']' (tried for 5 second(s) with 500 milliseconds interval)
	at org.openqa.selenium.support.ui.WebDriverWait.timeoutException(WebDriverWait.java:84)
	at org.openqa.selenium.support.ui.FluentWait.until(FluentWait.java:228)
	at utils.CommonEvents.waitForElement(CommonEvents.java:77)
	at utils.CommonEvents.clickElement(CommonEvents.java:27)
	at pages.CheckoutPage.selectGuestCheckout(CheckoutPage.java:110)
	at stepdefinitions.CheckoutTest.verifyCheckoutNavigation(CheckoutTest.java:30)
	at ✽.I am Navigate to Checkout Page(file:///C:/Users/panda/eclipse-workspace/OpenCartTesting/src/test/resources/features/Checkout.feature:25)
Caused by: org.openqa.selenium.NoSuchElementException: no such element: Unable to locate element: {"method":"xpath","selector":"//input[@value='guest']"}
  (Session info: chrome=139.0.7258.157)
For documentation on this error, please visit: https://www.selenium.dev/documentation/webdriver/troubleshooting/errors#no-such-element-exception
Build info: version: '4.33.0', revision: '2c6aaad03a'
System info: os.name: 'Windows 11', os.arch: 'amd64', os.version: '10.0', java.version: '24.0.2'
Driver info: org.openqa.selenium.chrome.ChromeDriver
Command: [4e2328c132b3c1182d1210a6e6e18cee, findElement {using=xpath, value=//input[@value='guest']}]
Capabilities {acceptInsecureCerts: false, browserName: chrome, browserVersion: 139.0.7258.157, chrome: {chromedriverVersion: 139.0.7258.154 (9e0d6b2b47f..., userDataDir: C:\Users\panda\AppData\Loca...}, fedcm:accounts: true, goog:chromeOptions: {debuggerAddress: localhost:1557}, networkConnectionEnabled: false, pageLoadStrategy: normal, platformName: windows, proxy: Proxy(), se:cdp: ws://localhost:1557/devtool..., se:cdpVersion: 139.0.7258.157, setWindowRect: true, strictFileInteractability: false, timeouts: {implicit: 0, pageLoad: 300000, script: 30000}, unhandledPromptBehavior: dismiss and notify, webauthn:extension:credBlob: true, webauthn:extension:largeBlob: true, webauthn:extension:minPinLength: true, webauthn:extension:prf: true, webauthn:virtualAuthenticators: true}
Session ID: 4e2328c132b3c1182d1210a6e6e18cee
	at java.base/jdk.internal.reflect.DirectConstructorHandleAccessor.newInstance(DirectConstructorHandleAccessor.java:62)
	at java.base/java.lang.reflect.Constructor.newInstanceWithCaller(Constructor.java:499)
	at java.base/java.lang.reflect.Constructor.newInstance(Constructor.java:483)
	at org.openqa.selenium.remote.ErrorCodec.decode(ErrorCodec.java:167)
	at org.openqa.selenium.remote.codec.w3c.W3CHttpResponseCodec.decode(W3CHttpResponseCodec.java:138)
	at org.openqa.selenium.remote.codec.w3c.W3CHttpResponseCodec.decode(W3CHttpResponseCodec.java:50)
	at org.openqa.selenium.remote.HttpCommandExecutor.execute(HttpCommandExecutor.java:215)
	at org.openqa.selenium.remote.service.DriverCommandExecutor.invokeExecute(DriverCommandExecutor.java:216)
	at org.openqa.selenium.remote.service.DriverCommandExecutor.execute(DriverCommandExecutor.java:174)
	at org.openqa.selenium.remote.RemoteWebDriver.execute(RemoteWebDriver.java:544)
	at org.openqa.selenium.remote.ElementLocation$ElementFinder$2.findElement(ElementLocation.java:165)
	at org.openqa.selenium.remote.ElementLocation.findElement(ElementLocation.java:59)
	at org.openqa.selenium.remote.RemoteWebDriver.findElement(RemoteWebDriver.java:367)
	at org.openqa.selenium.remote.RemoteWebDriver.findElement(RemoteWebDriver.java:361)
	at org.openqa.selenium.support.pagefactory.DefaultElementLocator.findElement(DefaultElementLocator.java:68)
	at org.openqa.selenium.support.pagefactory.internal.LocatingElementHandler.invoke(LocatingElementHandler.java:38)
	at jdk.proxy2/jdk.proxy2.$Proxy27.isDisplayed(Unknown Source)
	at org.openqa.selenium.support.ui.ExpectedConditions.elementIfVisible(ExpectedConditions.java:304)
	at org.openqa.selenium.support.ui.ExpectedConditions$10.apply(ExpectedConditions.java:290)
	at org.openqa.selenium.support.ui.ExpectedConditions$10.apply(ExpectedConditions.java:287)
	at org.openqa.selenium.support.ui.ExpectedConditions$23.apply(ExpectedConditions.java:656)
	at org.openqa.selenium.support.ui.ExpectedConditions$23.apply(ExpectedConditions.java:652)
	at org.openqa.selenium.support.ui.FluentWait.until(FluentWait.java:203)
	... 5 more
</textarea>
      
      </div>
              </div>
              <div class="step skip-bg" title="stepdefinitions.CheckoutTest.verifyBillingDetails()">
                <span>And I Fill the Billing Details</span>
      <div>Step skipped
      </div>
              </div>
              <div class="step skip-bg" title="stepdefinitions.UserRegistrationSteps.verifyTextOnPage(java.lang.String)">
                <span>Then I should see text "Please select the preferred shipping method to use on this order"</span>
      <div>Step skipped
      </div>
              </div>
              <div class="step skip-bg" title="stepdefinitions.CheckoutTest.verifyPaymentMethodSelection()">
                <span>And I Select the payment method</span>
      <div>Step skipped
      </div>
              </div>
              <div class="step skip-bg" title="stepdefinitions.CheckoutTest.verifyOrderConfirmation()">
                <span>Then The Order is Confirmed</span>
      <div>Step skipped
      </div>
              </div>
          </div>
        </div>
  </div>
</div>
          </div>
        </li>
        <li class="test-item"  status="pass" test-id="102"
          author=""
          tag=""
          device="">
          <div class="test-detail">
            <p class="name">Product Search and Filter</p>
            <p class="text-sm">
              <span>3:38:58 am</span> / <span>00:00:16:345</span>
              <span class="badge pass-bg log float-right">Pass</span>
            </p>
          </div>
          <div class="test-contents d-none">
<div class="detail-head">
<div class="p-v-10">
<div class="info">
<h5 class="test-status text-pass">Product Search and Filter</h5>
<span class='badge badge-success'>09.10.2025 3:38:58 am</span>
<span class='badge badge-danger'>09.10.2025 3:39:14 am</span>
<span class='badge badge-default'>00:00:16:345</span>
&middot; <span class='uri-anchor badge badge-default'>#test-id=102</span>
<span title='Skip to the next failed step' class='badge badge-danger pointer float-right ne ml-1'><i class="fa fa-fast-forward"></i></span>
<span title='Collapse all nodes' class='badge badge-default pointer float-right ct ml-1'><i class="fa fa-compress"></i></span>
<span title='Expand all nodes' class='badge badge-default pointer float-right et'><i class="fa fa-expand"></i></span>
</div>
<div class="m-t-10 m-l-5"></div>
</div>
</div>
<div class="accordion mt-4">
  <div class="card">
    <div class="card-header" role="tab">
      <div class="card-title">
        <div class="node" id="103"><span class="badge log pass-bg mr-2">Pass</span>Verify Product Search Functionality</div>
      </div>
    </div>
        <div class="collapse">
          <div class="card-body">
              <div class="step pass-bg" title="stepdefinitions.UserRegistrationSteps.i_am_on_the_home_page()">
                <span>Given I am on the home page</span>
      <div>
      </div>
              </div>
              <div class="step pass-bg" title="stepdefinitions.ProductSteps.searching_product(java.lang.String)">
                <span>When I search Product "MacBook"</span>
      <div>
      </div>
              </div>
              <div class="step pass-bg" title="stepdefinitions.UserRegistrationSteps.verifymultiplelink(io.cucumber.datatable.DataTable)">
                <span>Then I should see the link of:</span>
      <div><table class='markup-table table '><tr><td>MacBook</td></tr></table>
      </div>
      <div>
      </div>
              </div>
          </div>
        </div>
  </div>
  <div class="card">
    <div class="card-header" role="tab">
      <div class="card-title">
        <div class="node" id="113"><span class="badge log pass-bg mr-2">Pass</span>Verify Category Filter</div>
      </div>
    </div>
        <div class="collapse">
          <div class="card-body">
              <div class="step pass-bg" title="stepdefinitions.UserRegistrationSteps.i_am_on_the_home_page()">
                <span>Given I am on the home page</span>
      <div>
      </div>
              </div>
              <div class="step pass-bg" title="stepdefinitions.ProductSteps.searching_product(java.lang.String)">
                <span>When I search Product "MacBook"</span>
      <div>
      </div>
              </div>
              <div class="step pass-bg" title="stepdefinitions.ProductSearchandFilter.category()">
                <span>And Select Category</span>
      <div>
      </div>
              </div>
              <div class="step pass-bg" title="stepdefinitions.UserRegistrationSteps.verifyTextOnPage(java.lang.String)">
                <span>Then I should see text "There is no product that matches the search criteria."</span>
      <div>
      </div>
              </div>
          </div>
        </div>
  </div>
  <div class="card">
    <div class="card-header" role="tab">
      <div class="card-title">
        <div class="node" id="124"><span class="badge log pass-bg mr-2">Pass</span>Verify Sorting Functionality - price high to Low</div>
      </div>
    </div>
        <div class="collapse">
          <div class="card-body">
              <div class="step pass-bg" title="stepdefinitions.UserRegistrationSteps.i_am_on_the_home_page()">
                <span>Given I am on the home page</span>
      <div>
      </div>
              </div>
              <div class="step pass-bg" title="stepdefinitions.ProductSteps.searching_product(java.lang.String)">
                <span>When I search Product "MacBook"</span>
      <div>
      </div>
              </div>
              <div class="step pass-bg" title="stepdefinitions.ProductSearchandFilter.verifyPriceSortingHighToLow()">
                <span>And Select Price High to Low</span>
      <div>
      </div>
              </div>
              <div class="step pass-bg" title="stepdefinitions.ProductSearchandFilter.verifysorting1()">
                <span>Then Sorting High to Low</span>
      <div>
      </div>
              </div>
          </div>
        </div>
  </div>
  <div class="card">
    <div class="card-header" role="tab">
      <div class="card-title">
        <div class="node" id="135"><span class="badge log pass-bg mr-2">Pass</span>Verify Sorting Functionality Price Low to High</div>
      </div>
    </div>
        <div class="collapse">
          <div class="card-body">
              <div class="step pass-bg" title="stepdefinitions.UserRegistrationSteps.i_am_on_the_home_page()">
                <span>Given I am on the home page</span>
      <div>
      </div>
              </div>
              <div class="step pass-bg" title="stepdefinitions.ProductSteps.searching_product(java.lang.String)">
                <span>When I search Product "MacBook"</span>
      <div>
      </div>
              </div>
              <div class="step pass-bg" title="stepdefinitions.ProductSearchandFilter.verifyPriceSortingLowToHigh()">
                <span>And Select Price Low to High</span>
      <div>
      </div>
              </div>
              <div class="step pass-bg" title="stepdefinitions.ProductSearchandFilter.verifysorting2()">
                <span>Then Sorting Low to High</span>
      <div>
      </div>
              </div>
          </div>
        </div>
  </div>
</div>
          </div>
        </li>
        <li class="test-item"  status="pass" test-id="146"
          author=""
          tag=""
          device="">
          <div class="test-detail">
            <p class="name">User Account Management</p>
            <p class="text-sm">
              <span>3:39:14 am</span> / <span>00:00:33:970</span>
              <span class="badge pass-bg log float-right">Pass</span>
            </p>
          </div>
          <div class="test-contents d-none">
<div class="detail-head">
<div class="p-v-10">
<div class="info">
<h5 class="test-status text-pass">User Account Management</h5>
<span class='badge badge-success'>09.10.2025 3:39:14 am</span>
<span class='badge badge-danger'>09.10.2025 3:39:48 am</span>
<span class='badge badge-default'>00:00:33:970</span>
&middot; <span class='uri-anchor badge badge-default'>#test-id=146</span>
<span title='Skip to the next failed step' class='badge badge-danger pointer float-right ne ml-1'><i class="fa fa-fast-forward"></i></span>
<span title='Collapse all nodes' class='badge badge-default pointer float-right ct ml-1'><i class="fa fa-compress"></i></span>
<span title='Expand all nodes' class='badge badge-default pointer float-right et'><i class="fa fa-expand"></i></span>
</div>
<div class="m-t-10 m-l-5"></div>
</div>
</div>
<div class="accordion mt-4">
  <div class="card">
    <div class="card-header" role="tab">
      <div class="card-title">
        <div class="node" id="147"><span class="badge log pass-bg mr-2">Pass</span>Successful User Registration</div>
      </div>
    </div>
        <div class="collapse">
          <div class="card-body">
              <div class="step pass-bg" title="stepdefinitions.UserRegistrationSteps.i_am_on_the_home_page()">
                <span>Given I am on the home page</span>
      <div>
      </div>
              </div>
              <div class="step pass-bg" title="stepdefinitions.UserRegistrationSteps.i_navigate_to_the_registration_page()">
                <span>When I navigate to the registration page</span>
      <div>
      </div>
              </div>
              <div class="step pass-bg" title="stepdefinitions.UserRegistrationSteps.i_register_with_valid_details()">
                <span>And I register with valid details</span>
      <div>
      </div>
              </div>
              <div class="step pass-bg" title="stepdefinitions.UserRegistrationSteps.verifyTextOnPage(java.lang.String)">
                <span>Then I should see text "Your Account Has Been Created!"</span>
      <div>
      </div>
              </div>
          </div>
        </div>
  </div>
  <div class="card">
    <div class="card-header" role="tab">
      <div class="card-title">
        <div class="node" id="158"><span class="badge log pass-bg mr-2">Pass</span>Successful User Login</div>
      </div>
    </div>
        <div class="collapse">
          <div class="card-body">
              <div class="step pass-bg" title="stepdefinitions.UserRegistrationSteps.i_am_on_the_home_page()">
                <span>Given I am on the home page</span>
      <div>
      </div>
              </div>
              <div class="step pass-bg" title="stepdefinitions.UserRegistrationSteps.i_navigate_to_the_login_page()">
                <span>When I navigate to the login page</span>
      <div>
      </div>
              </div>
              <div class="step pass-bg" title="stepdefinitions.UserRegistrationSteps.i_login_with_valid_credentials()">
                <span>And I login with valid credentials</span>
      <div>
      </div>
              </div>
              <div class="step pass-bg" title="stepdefinitions.UserRegistrationSteps.verifyTextOnPage(java.lang.String)">
                <span>Then I should see text "Edit your account information"</span>
      <div>
      </div>
              </div>
          </div>
        </div>
  </div>
  <div class="card">
    <div class="card-header" role="tab">
      <div class="card-title">
        <div class="node" id="169"><span class="badge log pass-bg mr-2">Pass</span>Failed User Login</div>
      </div>
    </div>
        <div class="collapse">
          <div class="card-body">
              <div class="step pass-bg" title="stepdefinitions.UserRegistrationSteps.i_am_on_the_home_page()">
                <span>Given I am on the home page</span>
      <div>
      </div>
              </div>
              <div class="step pass-bg" title="stepdefinitions.UserRegistrationSteps.i_navigate_to_the_login_page()">
                <span>When I navigate to the login page</span>
      <div>
      </div>
              </div>
              <div class="step pass-bg" title="stepdefinitions.UserRegistrationSteps.i_login_with_invalid_credentials()">
                <span>And I login with invalid credentials</span>
      <div>
      </div>
              </div>
              <div class="step pass-bg" title="stepdefinitions.UserRegistrationSteps.verifyTextOnPage(java.lang.String)">
                <span>Then I should see text "Warning: No match for E-Mail Address and/or Password."</span>
      <div>
      </div>
              </div>
          </div>
        </div>
  </div>
  <div class="card">
    <div class="card-header" role="tab">
      <div class="card-title">
        <div class="node" id="180"><span class="badge log pass-bg mr-2">Pass</span>Forgot Password</div>
      </div>
    </div>
        <div class="collapse">
          <div class="card-body">
              <div class="step pass-bg" title="stepdefinitions.UserRegistrationSteps.i_am_on_the_home_page()">
                <span>Given I am on the home page</span>
      <div>
      </div>
              </div>
              <div class="step pass-bg" title="stepdefinitions.UserRegistrationSteps.i_request_password_reset_for(java.lang.String)">
                <span>When I request password reset for "testuser@gmail.com"</span>
      <div>
      </div>
              </div>
              <div class="step pass-bg" title="stepdefinitions.UserRegistrationSteps.verifyTextOnPage(java.lang.String)">
                <span>Then I should see text "An email with a confirmation link has been sent your email address."</span>
      <div>
      </div>
              </div>
          </div>
        </div>
  </div>
  <div class="card">
    <div class="card-header" role="tab">
      <div class="card-title">
        <div class="node" id="190"><span class="badge log pass-bg mr-2">Pass</span>Profile Update</div>
      </div>
    </div>
        <div class="collapse">
          <div class="card-body">
              <div class="step pass-bg" title="stepdefinitions.UserRegistrationSteps.i_am_logged_in()">
                <span>Given I am logged in</span>
      <div>
      </div>
              </div>
              <div class="step pass-bg" title="stepdefinitions.UserRegistrationSteps.i_update_my_profile_with(java.lang.String)">
                <span>When I update my profile with "vinay"</span>
      <div>
      </div>
              </div>
              <div class="step pass-bg" title="stepdefinitions.UserRegistrationSteps.verifyTextOnPage(java.lang.String)">
                <span>Then I should see text "Success: Your account has been successfully updated."</span>
      <div>
      </div>
              </div>
          </div>
        </div>
  </div>
  <div class="card">
    <div class="card-header" role="tab">
      <div class="card-title">
        <div class="node" id="200"><span class="badge log pass-bg mr-2">Pass</span>Order History</div>
      </div>
    </div>
        <div class="collapse">
          <div class="card-body">
              <div class="step pass-bg" title="stepdefinitions.UserRegistrationSteps.i_am_logged_in()">
                <span>Given I am logged in</span>
      <div>
      </div>
              </div>
              <div class="step pass-bg" title="stepdefinitions.UserRegistrationSteps.i_check_my_order_history()">
                <span>When I check my order history</span>
      <div>
      </div>
              </div>
              <div class="step pass-bg" title="stepdefinitions.UserRegistrationSteps.verifyTextOnPage(java.lang.String)">
                <span>Then I should see text "Order History"</span>
      <div>
      </div>
              </div>
          </div>
        </div>
  </div>
</div>
          </div>
        </li>
      </ul>
    </div>
  </div>
<div class="test-content scrollable">
<div class="test-content-tools">
<ul><li><a class="back-to-test" href="#"><i class="fa fa-arrow-left"></i></a></li></ul>
</div>
<div class="test-content-detail"><div class="detail-body"></div></div>
</div></div>
<div class="test-wrapper row view exception-view attributes-view">
<div class="test-list">
<div class="test-list-tools">
<ul class="tools pull-left"><li><a href=""><span class="font-size-14">Exception</span></a></li></ul>
<ul class="tools text-right"><li><a href="#"><span class="badge badge-primary">2</span></a></li></ul>
</div>
<div class="test-list-wrapper scrollable">
<ul class="test-list-item">
<li class="test-item">
<div class="test-detail">
<span class="meta">
<span class='badge log badge-danger'>2</span>
</span>
<p class="name">org.openqa.selenium.TimeoutException</p>
<p class="duration text-sm">2 tests</p>
</div>
<div class="test-contents d-none">
<div class="info">
<h4>org.openqa.selenium.TimeoutException</h4>
<span status="fail" class='badge log badge-danger'>2 failed</span>
</div>
<table class='table table-sm mt-4'>
<thead>
<tr>
<th class="status-col">Status</th>
<th class="timestamp-col">Timestamp</th>
<th>TestName</th>
</tr>
</thead>
<tbody>
<tr class="tag-test-status" status="fail">
<td><span class="badge log fail-bg">Fail</span></td>
<td>03:38:17 am</td>
<td>
<a href="#" class="linked" test-id='40' id='51'>Then I am Navigate to Checkout Page</a>
<div class="">
<span class="badge badge-default">Checkout Process.Navigate to Checkout Page.Then I am Navigate to Checkout Page</span>
</div>
</td>
</tr>
<tr class="tag-test-status" status="fail">
<td><span class="badge log fail-bg">Fail</span></td>
<td>03:38:52 am</td>
<td>
<a href="#" class="linked" test-id='40' id='95'>Then I am Navigate to Checkout Page</a>
<div class="">
<span class="badge badge-default">Checkout Process.Place Order.Then I am Navigate to Checkout Page</span>
</div>
</td>
</tr>
</tbody>
</table>
</div>
</li>
<li class="test-item">
<div class="test-detail">
<span class="meta">
<span class='badge log badge-danger'>1</span>
</span>
<p class="name">org.openqa.selenium.ElementClickInterceptedException</p>
<p class="duration text-sm">1 tests</p>
</div>
<div class="test-contents d-none">
<div class="info">
<h4>org.openqa.selenium.ElementClickInterceptedException</h4>
<span status="fail" class='badge log badge-danger'>1 failed</span>
</div>
<table class='table table-sm mt-4'>
<thead>
<tr>
<th class="status-col">Status</th>
<th class="timestamp-col">Timestamp</th>
<th>TestName</th>
</tr>
</thead>
<tbody>
<tr class="tag-test-status" status="fail">
<td><span class="badge log fail-bg">Fail</span></td>
<td>03:38:12 am</td>
<td>
<a href="#" class="linked" test-id='1' id='36'>And I Click On Checkout</a>
<div class="">
<span class="badge badge-default">Product Details and Add to Cart.Multiple Products Add Test Without Login.And I Click On Checkout</span>
</div>
</td>
</tr>
</tbody>
</table>
</div>
</li>
</ul>
</div>
</div>
<div class="test-content scrollable">
<div class="test-content-detail">
<div class="detail-body"></div>
</div>
</div>
</div><div class="container-fluid p-4 view dashboard-view">
<div class="row">
<div class="col-md-3">
<div class="card"><div class="card-body">
<p class="m-b-0">Started</p>
<h3>Sept 10, 2025 03:37:53 am</h3>
</div></div>
</div>
<div class="col-md-3">
<div class="card"><div class="card-body">
<p class="m-b-0">Ended</p>
<h3>Sept 10, 2025 03:39:48 am</h3>
</div></div>
</div>
<div class="col-md-3">
<div class="card"><div class="card-body">
<p class="m-b-0 text-pass">Features Passed</p>
<h3>2</h3>
</div></div>
</div>
<div class="col-md-3">
<div class="card"><div class="card-body">
<p class="m-b-0 text-fail">Features Failed</p>
<h3>2</h3>
</div></div>
</div>
</div>
<div class="row">
<div class="col-md-4">
<div class="card">
<div class="card-header">
<h6 class="card-title">Features</h6>
</div>
<div class="card-body">
<div class="">
<canvas id='parent-analysis' width='115' height='90'></canvas>
</div>
</div>
<div class="card-footer">
<div><small data-tooltip='50%'>
<b>2</b> features passed
</small>
</div>
<div>
<small data-tooltip='50%'><b>2</b> features failed,
<b>0</b> skipped, <b data-tooltip='0%'>0</b> others
</small>
</div>
</div>
</div>
</div>
<div class="col-md-4">
<div class="card">
<div class="card-header">
<h6 class="card-title">Scenarios</h6>
</div>
<div class="card-body">
<div class="">
<canvas id='child-analysis' width='115' height='90'></canvas>
</div>
</div>
<div class="card-footer">
<div><small data-tooltip='82%'><b>14</b> scenarios passed</small></div>
<div>
<small data-tooltip='17%'><b>3</b> scenarios failed,
<b>0</b> skipped, <b data-tooltip='%'>0</b> others
</small>
</div>
</div>
</div>
</div>
<div class="col-md-4">
<div class="card">
<div class="card-header">
<h6 class="card-title">Steps</h6>
</div>
<div class="card-body">
<div class="">
<canvas id='grandchild-analysis' width='115' height='90'></canvas>
</div>
</div>
<div class="card-footer">
<div><small data-tooltip='90%'><b>78</b> steps passed</small></div>
<div>
<small data-tooltip='3%'><b>3</b> steps failed,
<b>5</b> skipped, <b data-tooltip='%'>0</b> others
</small>
</div>
</div>
</div>
</div>
</div>
<div class="row"><div class="col-md-12">
<div class="card"><div class="card-header"><p>Timeline</p></div>
<div class="card-body pt-0"><div>
<canvas id="timeline" height="120"></canvas>
</div></div>
</div>
</div></div>
<script>
var timeline = {
"Product Details and Add to Cart":19.646,"Checkout Process":44.076,"Product Search and Filter":16.345,"User Account Management":33.97
};
</script>
<div class="row">
</div>
</div>
<script>
var statusGroup = {
parentCount: 5,
passParent: 2,
failParent: 2,
warningParent: 0,
skipParent: 0,
childCount: 5,
passChild: 14,
failChild: 3,
warningChild: 0,
skipChild: 0,
infoChild: 0,
grandChildCount: 5,
passGrandChild: 78,
failGrandChild: 3,
warningGrandChild: 0,
skipGrandChild: 5,
infoGrandChild: 0,
eventsCount: 5,
};
</script>        </div>
      </div>
    </div>
  </div>
<script src="https://cdn.jsdelivr.net/gh/extent-framework/extent-github-cdn@ce8b10435bcbae260c334c0d0c6b61d2c19b6168/spark/js/spark-script.js"></script>
<script type="text/javascript"></script></body>
</html>