<?xml version="1.0" encoding="UTF-8"?>
<!-- Generated by org.testng.reporters.JUnitReportReporter -->
<testsuite hostname="Devil" failures="0" tests="17" name="runners.TestRunner" time="144.105" errors="1" timestamp="2025-09-14T23:17:04 IST" skipped="0">
  <testcase classname="runners.TestRunner" name="runScenario" time="3.959"/>
  <testcase classname="runners.TestRunner" name="runScenario" time="5.012"/>
  <testcase classname="runners.TestRunner" name="runScenario" time="6.903"/>
  <testcase classname="runners.TestRunner" name="runScenario" time="14.543"/>
  <testcase classname="runners.TestRunner" name="runScenario" time="7.323"/>
  <testcase classname="runners.TestRunner" name="runScenario" time="12.456"/>
  <testcase classname="runners.TestRunner" name="runScenario" time="6.779"/>
  <testcase classname="runners.TestRunner" name="runScenario" time="7.307"/>
  <testcase classname="runners.TestRunner" name="runScenario" time="7.440"/>
  <testcase classname="runners.TestRunner" name="runScenario" time="17.404"/>
  <testcase classname="runners.TestRunner" name="runScenario" time="7.691"/>
  <testcase classname="runners.TestRunner" name="runScenario" time="9.632"/>
  <testcase classname="runners.TestRunner" name="runScenario" time="11.413">
    <error message="Cannot locate option with text: Karnataka
For documentation on this error, please visit: https://www.selenium.dev/documentation/webdriver/troubleshooting/errors#no-such-element-exception
Build info: version: &#039;4.33.0&#039;, revision: &#039;2c6aaad03a&#039;
System info: os.name: &#039;Windows 11&#039;, os.arch: &#039;amd64&#039;, os.version: &#039;10.0&#039;, java.version: &#039;24.0.2&#039;
Driver info: driver.version: unknown" type="org.openqa.selenium.NoSuchElementException">
      <![CDATA[org.openqa.selenium.NoSuchElementException: Cannot locate option with text: Karnataka
For documentation on this error, please visit: https://www.selenium.dev/documentation/webdriver/troubleshooting/errors#no-such-element-exception
Build info: version: '4.33.0', revision: '2c6aaad03a'
System info: os.name: 'Windows 11', os.arch: 'amd64', os.version: '10.0', java.version: '24.0.2'
Driver info: driver.version: unknown
at org.openqa.selenium.support.ui.Select.selectByVisibleText(Select.java:167)
at utils.CommonEvents.selectByText(CommonEvents.java:34)
at pages.CheckoutPage.selectCountryAndZone(CheckoutPage.java:128)
at stepdefinitions.CheckoutTest.verifyBillingDetails(CheckoutTest.java:40)
at âœ½.I Fill the Billing Details(file:///C:/Users/panda/eclipse-workspace/OpenCartTesting/src/test/resources/features/Checkout.feature:20)
]]>
    </error>
  </testcase> <!-- runScenario -->
  <testcase classname="runners.TestRunner" name="runScenario" time="10.053"/>
  <testcase classname="runners.TestRunner" name="runScenario" time="7.124"/>
  <testcase classname="runners.TestRunner" name="runScenario" time="4.203"/>
  <testcase classname="runners.TestRunner" name="runScenario" time="4.863"/>
</testsuite> <!-- runners.TestRunner -->
